<?xml version="1.0" encoding="UTF-8"?>
<beans xmlns="http://www.springframework.org/schema/beans"
       xmlns:xsi="http://www.w3.org/2001/XMLSchema-instance"
       xmlns:context="http://www.springframework.org/schema/context" xsi:schemaLocation="
        http://www.springframework.org/schema/beans
        http://www.springframework.org/schema/beans/spring-beans.xsd
        http://www.springframework.org/schema/context
        http://www.springframework.org/schema/context/spring-context.xsd">

    <bean id="myDataSource" class="org.springframework.jdbc.datasource.DriverManagerDataSource">
        <property name="driverClassName" value="${jdbc.driver}"/>
        <property name="url" value="${jdbc.url}"/>
        <property name="username" value="${jdbc.user}"/>
        <property name="password" value="${jdbc.password}"/>
    </bean>
    <!-- 注册属性文件：方式一 -->
    <context:property-placeholder location="classpath:jdbc.properties"/>
    <!-- 注册Dao -->
    <bean id="personDao" class="com.bio.dao.PersonDaoImpl" name="personDao_jdbc">
        <property name="dataSource" ref="myDataSource"/>
    </bean>
    <!-- 注册Service -->
    <bean id="personService" class="com.bio.service.PersonImpl">
        <property name="personsDao" ref="personDao"/>
    </bean>
</beans>